[2025-09-16 14:18:12 +0300] 
[2025-09-16 14:18:12 +0300] pyEGA3 - EGA python client version 5.2.0 (https://github.com/EGA-archive/ega-download-client)
[2025-09-16 14:18:12 +0300] Parts of this software are derived from pyEGA (https://github.com/blachlylab/pyega) by James Blachly
[2025-09-16 14:18:12 +0300] Python version : 3.12.3
[2025-09-16 14:18:12 +0300] OS version : Windows 10.0.22621
[2025-09-16 14:18:12 +0300] credential_file.json does not exist
[2025-09-16 14:18:58 +0300] Server URL: https://ega.ebi.ac.uk:8443/v2
[2025-09-16 14:18:58 +0300] Session-Id: 1346903575
[2025-09-16 14:19:21 +0300] 
[2025-09-16 14:19:21 +0300] pyEGA3 - EGA python client version 5.2.0 (https://github.com/EGA-archive/ega-download-client)
[2025-09-16 14:19:21 +0300] Parts of this software are derived from pyEGA (https://github.com/blachlylab/pyega) by James Blachly
[2025-09-16 14:19:21 +0300] Python version : 3.12.3
[2025-09-16 14:19:21 +0300] OS version : Windows 10.0.22621
[2025-09-16 14:19:21 +0300] credential_file.json does not exist
[2025-09-16 14:21:02 +0300] Server URL: https://ega.ebi.ac.uk:8443/v2
[2025-09-16 14:21:02 +0300] Session-Id: 81955017
[2025-09-16 14:24:18 +0300] 
[2025-09-16 14:24:18 +0300] pyEGA3 - EGA python client version 5.2.0 (https://github.com/EGA-archive/ega-download-client)
[2025-09-16 14:24:18 +0300] Parts of this software are derived from pyEGA (https://github.com/blachlylab/pyega) by James Blachly
[2025-09-16 14:24:18 +0300] Python version : 3.12.3
[2025-09-16 14:24:18 +0300] OS version : Windows 10.0.22621
[2025-09-16 14:24:18 +0300] credential_file.json does not exist
[2025-09-16 14:24:36 +0300] Server URL: https://ega.ebi.ac.uk:8443/v2
[2025-09-16 14:24:36 +0300] Session-Id: 2483258210
[2025-09-16 14:24:39 +0300] 
[2025-09-16 14:24:39 +0300] pyEGA3 - EGA python client version 5.2.0 (https://github.com/EGA-archive/ega-download-client)
[2025-09-16 14:24:39 +0300] Parts of this software are derived from pyEGA (https://github.com/blachlylab/pyega) by James Blachly
[2025-09-16 14:24:39 +0300] Python version : 3.12.3
[2025-09-16 14:24:39 +0300] OS version : Windows 10.0.22621
[2025-09-16 14:24:39 +0300] credential_file.json does not exist
[2025-09-16 14:25:26 +0300] 
[2025-09-16 14:25:26 +0300] pyEGA3 - EGA python client version 5.2.0 (https://github.com/EGA-archive/ega-download-client)
[2025-09-16 14:25:26 +0300] Parts of this software are derived from pyEGA (https://github.com/blachlylab/pyega) by James Blachly
[2025-09-16 14:25:26 +0300] Python version : 3.12.3
[2025-09-16 14:25:26 +0300] OS version : Windows 10.0.22621
[2025-09-16 14:25:26 +0300] credential_file.json does not exist
[2025-09-16 14:25:50 +0300] Server URL: https://ega.ebi.ac.uk:8443/v2
[2025-09-16 14:25:50 +0300] Session-Id: 304398581
[2025-09-16 14:25:57 +0300] 
[2025-09-16 14:25:57 +0300] pyEGA3 - EGA python client version 5.2.0 (https://github.com/EGA-archive/ega-download-client)
[2025-09-16 14:25:57 +0300] Parts of this software are derived from pyEGA (https://github.com/blachlylab/pyega) by James Blachly
[2025-09-16 14:25:57 +0300] Python version : 3.12.3
[2025-09-16 14:25:57 +0300] OS version : Windows 10.0.22621
[2025-09-16 14:25:57 +0300] credential_file.json does not exist
[2025-09-16 14:26:20 +0300] Server URL: https://ega.ebi.ac.uk:8443/v2
[2025-09-16 14:26:20 +0300] Session-Id: 1160566327
[2025-09-16 14:27:09 +0300] 
[2025-09-16 14:27:09 +0300] pyEGA3 - EGA python client version 5.2.0 (https://github.com/EGA-archive/ega-download-client)
[2025-09-16 14:27:09 +0300] Parts of this software are derived from pyEGA (https://github.com/blachlylab/pyega) by James Blachly
[2025-09-16 14:27:09 +0300] Python version : 3.12.3
[2025-09-16 14:27:09 +0300] OS version : Windows 10.0.22621
[2025-09-16 14:27:09 +0300] credential_file.json does not exist
[2025-09-16 14:28:30 +0300] Server URL: https://ega.ebi.ac.uk:8443/v2
[2025-09-16 14:28:30 +0300] Session-Id: 2083812478
[2025-09-16 14:28:30 +0300] 
[2025-09-16 14:28:30 +0300] Invalid username, password or secret key - please check and retry. If problem persists contact helpdesk on helpdesk@ega-archive.org
Traceback (most recent call last):
  File "C:\Users\haina\anaconda3\Lib\site-packages\pyega3\libs\auth_client.py", line 39, in token
    r.raise_for_status()
  File "C:\Users\haina\anaconda3\Lib\site-packages\requests\models.py", line 1024, in raise_for_status
    raise HTTPError(http_error_msg, response=self)
requests.exceptions.HTTPError: 500 Server Error:  for url: https://ega.ebi.ac.uk:8443/ega-openid-connect-server/token
[2025-09-16 14:28:33 +0300] 
[2025-09-16 14:28:33 +0300] pyEGA3 - EGA python client version 5.2.0 (https://github.com/EGA-archive/ega-download-client)
[2025-09-16 14:28:33 +0300] Parts of this software are derived from pyEGA (https://github.com/blachlylab/pyega) by James Blachly
[2025-09-16 14:28:33 +0300] Python version : 3.12.3
[2025-09-16 14:28:33 +0300] OS version : Windows 10.0.22621
[2025-09-16 14:28:33 +0300] Server URL: https://ega.ebi.ac.uk:8443/v2
[2025-09-16 14:28:33 +0300] Session-Id: 1694803089
[2025-09-16 14:30:47 +0300] 
[2025-09-16 14:30:47 +0300] pyEGA3 - EGA python client version 5.2.0 (https://github.com/EGA-archive/ega-download-client)
[2025-09-16 14:30:47 +0300] Parts of this software are derived from pyEGA (https://github.com/blachlylab/pyega) by James Blachly
[2025-09-16 14:30:47 +0300] Python version : 3.12.3
[2025-09-16 14:30:47 +0300] OS version : Windows 10.0.22621
[2025-09-16 14:30:47 +0300] Server URL: https://ega.ebi.ac.uk:8443/v2
[2025-09-16 14:30:47 +0300] Session-Id: 1024371478
[2025-09-16 14:30:48 +0300] 
[2025-09-16 14:30:48 +0300] Authentication success for user 'nam.tu@tuni.fi'
[2025-09-16 14:30:49 +0300] Dataset ID
[2025-09-16 14:30:49 +0300] -----------------
[2025-09-16 14:30:49 +0300] EGAD00001006206
[2025-09-16 15:37:01 +0300] 
[2025-09-16 15:37:01 +0300] pyEGA3 - EGA python client version 5.2.0 (https://github.com/EGA-archive/ega-download-client)
[2025-09-16 15:37:01 +0300] Parts of this software are derived from pyEGA (https://github.com/blachlylab/pyega) by James Blachly
[2025-09-16 15:37:01 +0300] Python version : 3.12.3
[2025-09-16 15:37:01 +0300] OS version : Windows 10.0.22621
[2025-09-16 15:37:01 +0300] Server URL: https://ega.ebi.ac.uk:8443/v2
[2025-09-16 15:37:01 +0300] Session-Id: 3548285534
[2025-09-16 15:37:14 +0300] 
[2025-09-16 15:37:14 +0300] pyEGA3 - EGA python client version 5.2.0 (https://github.com/EGA-archive/ega-download-client)
[2025-09-16 15:37:14 +0300] Parts of this software are derived from pyEGA (https://github.com/blachlylab/pyega) by James Blachly
[2025-09-16 15:37:14 +0300] Python version : 3.12.3
[2025-09-16 15:37:14 +0300] OS version : Windows 10.0.22621
[2025-09-16 15:37:14 +0300] Server URL: https://ega.ebi.ac.uk:8443/v2
[2025-09-16 15:37:14 +0300] Session-Id: 2031326981
[2025-09-16 15:37:15 +0300] 
[2025-09-16 15:37:15 +0300] Authentication success for user 'nam.tu@tuni.fi'
[2025-09-16 15:37:16 +0300] Dataset ID
[2025-09-16 15:37:16 +0300] -----------------
[2025-09-16 15:37:16 +0300] EGAD00001006206
[2025-09-16 15:37:41 +0300] 
[2025-09-16 15:37:41 +0300] pyEGA3 - EGA python client version 5.2.0 (https://github.com/EGA-archive/ega-download-client)
[2025-09-16 15:37:41 +0300] Parts of this software are derived from pyEGA (https://github.com/blachlylab/pyega) by James Blachly
[2025-09-16 15:37:41 +0300] Python version : 3.12.3
[2025-09-16 15:37:41 +0300] OS version : Windows 10.0.22621
[2025-09-16 15:37:41 +0300] Server URL: https://ega.ebi.ac.uk:8443/v2
[2025-09-16 15:37:41 +0300] Session-Id: 1450391232
[2025-09-16 15:37:42 +0300] 
[2025-09-16 15:37:42 +0300] Authentication success for user 'nam.tu@tuni.fi'
[2025-09-16 15:37:42 +0300] Dataset 'EGAD0001006206' is not in the list of your authorized datasets (['EGAD00001006206'])
[2025-09-16 15:38:01 +0300] 
[2025-09-16 15:38:01 +0300] pyEGA3 - EGA python client version 5.2.0 (https://github.com/EGA-archive/ega-download-client)
[2025-09-16 15:38:01 +0300] Parts of this software are derived from pyEGA (https://github.com/blachlylab/pyega) by James Blachly
[2025-09-16 15:38:01 +0300] Python version : 3.12.3
[2025-09-16 15:38:01 +0300] OS version : Windows 10.0.22621
[2025-09-16 15:38:01 +0300] Server URL: https://ega.ebi.ac.uk:8443/v2
[2025-09-16 15:38:01 +0300] Session-Id: 2090377808
[2025-09-16 15:38:03 +0300] 
[2025-09-16 15:38:03 +0300] Authentication success for user 'nam.tu@tuni.fi'
[2025-09-16 15:38:03 +0300] File ID         Status Bytes        Check sum                            File name
[2025-09-16 15:38:03 +0300] EGAF00004041231      1 42118040727  61eaa9ae9739d749e8c53361385ea581     BT363_1of2.bam
[2025-09-16 15:38:03 +0300] EGAF00004041215      1 33250616660  a765f94abf0e2682864815b66b5ec7cf     BT322.bam
[2025-09-16 15:38:03 +0300] EGAF00004041216      1 36847401233  c3ec3979c585c0e7d0cc2cdc9dbddf31     BT338_1of2.bam
[2025-09-16 15:38:03 +0300] EGAF00004041214      1 31257310637  e616229ca958802de3594083193e65aa     BT363-GSC.bam
[2025-09-16 15:38:03 +0300] EGAF00004041758      1 34092386220  557aff7b0f4a7871095dd3c906d28e7c     BT397_2of2.bam
[2025-09-16 15:38:03 +0300] EGAF00004041219      1 37553016515  03321f229bd0119e41a6d4defbd408bf     BT368.bam
[2025-09-16 15:38:03 +0300] EGAF00004041759      1 33115425367  7d136ddafc9d5e051b1df6c3f3db5ae5     HFA570_total.bam
[2025-09-16 15:38:03 +0300] EGAF00004041756      1 33104626035  02f6b9855c50a466b969f3644d999a08     HFA571_total.bam
[2025-09-16 15:38:03 +0300] EGAF00004041217      1 36348475972  71277a4f45df4a21ca4b82062b60c5dd     BT368-GSC.bam
[2025-09-16 15:38:03 +0300] EGAF00004041757      1 39114759130  d7fd3f1a2250f401483d7ee46d6759ed     HFA567_total.bam
[2025-09-16 15:38:03 +0300] EGAF00004041218      1 43067591300  2b3c46f4128a7434fe07077ce6961b16     BT363_2of2.bam
[2025-09-16 15:38:03 +0300] EGAF00005097173      1 34275415520  22127de35055017174d3d41a5738f582     BT400.bam
[2025-09-16 15:38:03 +0300] EGAF00004041230      1 33003627183  e14f4d0edb0219f6cb0abfea05cc3a15     BT364_2of2.bam
[2025-09-16 15:38:03 +0300] EGAF00004041761      1 33569530933  b9e439b3ff0a05babfc9deb326cab6c7     HFA570_cd133.bam
[2025-09-16 15:38:03 +0300] EGAF00004041222      1 33415972937  7fb9859e7a67143336d9ef22597ec6d3     BT364_1of2.bam
[2025-09-16 15:38:03 +0300] EGAF00004041762      1 31316186830  e98b336202f4f5397a502d2fb6e21a9b     HFA571_cd133.bam
[2025-09-16 15:38:03 +0300] EGAF00004041223      1 36919827721  3a8059c4b99530bf0cd86c42a5c25179     BT338_2of2.bam
[2025-09-16 15:38:03 +0300] EGAF00004041220      1 36283001210  7f7d088c2314a81587d701c40a736885     BT346.bam
[2025-09-16 15:38:03 +0300] EGAF00004041760      1 35158596920  5bba3241f0e2623601dab6d110ea91f5     BT407.bam
[2025-09-16 15:38:03 +0300] EGAF00004041221      1 24573362223  696f4ed1c3b13232d6f56adcb3acefca     BT333.bam
[2025-09-16 15:38:03 +0300] EGAF00004041765      1 32338652139  0f1f00b07fdb85544f3dfdfa3403d4b6     NSC1_cd133.bam
[2025-09-16 15:38:03 +0300] EGAF00004041226      1 32789388312  55abe5e0d245476ac3cb266c253efaf5     BT397_1of2.bam
[2025-09-16 15:38:03 +0300] EGAF00004041766      1 39230279440  6962a4d89f2d91dba2c588a74976f2bb     HFA567_cd133.bam
[2025-09-16 15:38:03 +0300] EGAF00004041227      1 64010238632  a4eac056c873560e43616bb25b9aaf96     BT326-GSC.bam
[2025-09-16 15:38:03 +0300] EGAF00004041763      1 32682986961  acbcd2fa598814454135358a6653e438     BT402.bam
[2025-09-16 15:38:03 +0300] EGAF00004041224      1 31085269531  ccdf4ca9e2a4ceef7f1aaaab5e3b4a91     BT333-GSC.bam
[2025-09-16 15:38:03 +0300] EGAF00004041764      1 34419348659  caf711a887ebee093b7f7a2dc0ff20f5     BT409.bam
[2025-09-16 15:38:03 +0300] EGAF00004041225      1 32020082694  f1038665117f2430bc8e257a69d94b7a     BT390.bam
[2025-09-16 15:38:03 +0300] EGAF00004041228      1 35157851725  868d68d7ca65ba92cd3da7f029755fba     BT389.bam
[2025-09-16 15:38:03 +0300] EGAF00004041229      1 66054675020  483e0b4697501975a95be4184a2d5338     BT324-GSC.bam
[2025-09-16 15:38:03 +0300] --------------------------------------------------------------------------------
[2025-09-16 15:38:03 +0300] Total dataset size = 1022.75 GB 
[2025-09-16 15:39:25 +0300] 
[2025-09-16 15:39:25 +0300] pyEGA3 - EGA python client version 5.2.0 (https://github.com/EGA-archive/ega-download-client)
[2025-09-16 15:39:25 +0300] Parts of this software are derived from pyEGA (https://github.com/blachlylab/pyega) by James Blachly
[2025-09-16 15:39:25 +0300] Python version : 3.12.3
[2025-09-16 15:39:25 +0300] OS version : Windows 10.0.22621
[2025-09-16 15:39:25 +0300] Server URL: https://ega.ebi.ac.uk:8443/v2
[2025-09-16 15:39:25 +0300] Session-Id: 2780469034
[2025-09-16 15:39:26 +0300] 
[2025-09-16 15:39:26 +0300] Authentication success for user 'nam.tu@tuni.fi'
[2025-09-16 15:39:26 +0300] File Id: 'EGAF00004041214'(31257310637 bytes).
[2025-09-16 15:40:46 +0300] 
[2025-09-16 15:40:46 +0300] pyEGA3 - EGA python client version 5.2.0 (https://github.com/EGA-archive/ega-download-client)
[2025-09-16 15:40:46 +0300] Parts of this software are derived from pyEGA (https://github.com/blachlylab/pyega) by James Blachly
[2025-09-16 15:40:46 +0300] Python version : 3.12.3
[2025-09-16 15:40:46 +0300] OS version : Windows 10.0.22621
[2025-09-16 15:40:46 +0300] Server URL: https://ega.ebi.ac.uk:8443/v2
[2025-09-16 15:40:46 +0300] Session-Id: 3837280268
[2025-09-16 15:40:47 +0300] 
[2025-09-16 15:40:47 +0300] Authentication success for user 'nam.tu@tuni.fi'
[2025-09-16 15:40:48 +0300] File Id: 'EGAF00004041214'(31257310637 bytes).
[2025-09-16 15:45:19 +0300] 
[2025-09-16 15:45:19 +0300] pyEGA3 - EGA python client version 5.2.0 (https://github.com/EGA-archive/ega-download-client)
[2025-09-16 15:45:19 +0300] Parts of this software are derived from pyEGA (https://github.com/blachlylab/pyega) by James Blachly
[2025-09-16 15:45:19 +0300] Python version : 3.12.3
[2025-09-16 15:45:19 +0300] OS version : Windows 10.0.22621
[2025-09-16 15:45:19 +0300] Server URL: https://ega.ebi.ac.uk:8443/v2
[2025-09-16 15:45:19 +0300] Session-Id: 3934127033
[2025-09-16 15:45:20 +0300] 
[2025-09-16 15:45:20 +0300] Authentication success for user 'nam.tu@tuni.fi'
[2025-09-16 15:45:20 +0300] File Id: 'EGAF00004041214'(31257310637 bytes).
[2025-09-16 15:46:04 +0300] 
[2025-09-16 15:46:04 +0300] pyEGA3 - EGA python client version 5.2.0 (https://github.com/EGA-archive/ega-download-client)
[2025-09-16 15:46:04 +0300] Parts of this software are derived from pyEGA (https://github.com/blachlylab/pyega) by James Blachly
[2025-09-16 15:46:04 +0300] Python version : 3.12.3
[2025-09-16 15:46:05 +0300] OS version : Windows 10.0.22621
[2025-09-16 15:46:05 +0300] Server URL: https://ega.ebi.ac.uk:8443/v2
[2025-09-16 15:46:05 +0300] Session-Id: 3634691148
[2025-09-16 15:46:06 +0300] 
[2025-09-16 15:46:06 +0300] Authentication success for user 'nam.tu@tuni.fi'
[2025-09-16 15:46:06 +0300] File Id: 'EGAF00004041214'(31257310637 bytes).
[2025-09-16 15:46:06 +0300] Total space : 476.13 GiB
[2025-09-16 15:46:06 +0300] Used space : 213.92 GiB
[2025-09-16 15:46:06 +0300] Free space : 262.21 GiB
[2025-09-16 15:46:06 +0300] Download starting [using 1 connection(s), file size 31257310621 and chunk length 104857600]...
[2025-09-16 16:46:49 +0300] 
[2025-09-16 16:46:49 +0300] Authentication success for user 'nam.tu@tuni.fi'
[2025-09-16 16:59:53 +0300] ('Connection broken: IncompleteRead(81111920 bytes read, 23745680 more expected)', IncompleteRead(81111920 bytes read, 23745680 more expected))
Traceback (most recent call last):
  File "C:\Users\haina\anaconda3\Lib\site-packages\urllib3\response.py", line 748, in _error_catcher
    yield
  File "C:\Users\haina\anaconda3\Lib\site-packages\urllib3\response.py", line 894, in _raw_read
    raise IncompleteRead(self._fp_bytes_read, self.length_remaining)
urllib3.exceptions.IncompleteRead: IncompleteRead(81111920 bytes read, 23745680 more expected)

The above exception was the direct cause of the following exception:

Traceback (most recent call last):
  File "C:\Users\haina\anaconda3\Lib\site-packages\requests\models.py", line 820, in generate
    yield from self.raw.stream(chunk_size, decode_content=True)
  File "C:\Users\haina\anaconda3\Lib\site-packages\urllib3\response.py", line 1060, in stream
    data = self.read(amt=amt, decode_content=decode_content)
           ^^^^^^^^^^^^^^^^^^^^^^^^^^^^^^^^^^^^^^^^^^^^^^^^^
  File "C:\Users\haina\anaconda3\Lib\site-packages\urllib3\response.py", line 977, in read
    data = self._raw_read(amt)
           ^^^^^^^^^^^^^^^^^^^
  File "C:\Users\haina\anaconda3\Lib\site-packages\urllib3\response.py", line 872, in _raw_read
    with self._error_catcher():
  File "C:\Users\haina\anaconda3\Lib\contextlib.py", line 158, in __exit__
    self.gen.throw(value)
  File "C:\Users\haina\anaconda3\Lib\site-packages\urllib3\response.py", line 772, in _error_catcher
    raise ProtocolError(arg, e) from e
urllib3.exceptions.ProtocolError: ('Connection broken: IncompleteRead(81111920 bytes read, 23745680 more expected)', IncompleteRead(81111920 bytes read, 23745680 more expected))

During handling of the above exception, another exception occurred:

Traceback (most recent call last):
  File "C:\Users\haina\anaconda3\Lib\site-packages\pyega3\libs\data_file.py", line 346, in _download_whole_file
    self.download_file(output_file, num_connections, max_slice_size)
  File "C:\Users\haina\anaconda3\Lib\site-packages\pyega3\libs\data_file.py", line 162, in download_file
    for part_file_name in executor.map(self.download_file_slice_, params):
  File "C:\Users\haina\anaconda3\Lib\concurrent\futures\_base.py", line 619, in result_iterator
    yield _result_or_cancel(fs.pop())
          ^^^^^^^^^^^^^^^^^^^^^^^^^^^
  File "C:\Users\haina\anaconda3\Lib\concurrent\futures\_base.py", line 317, in _result_or_cancel
    return fut.result(timeout)
           ^^^^^^^^^^^^^^^^^^^
  File "C:\Users\haina\anaconda3\Lib\concurrent\futures\_base.py", line 456, in result
    return self.__get_result()
           ^^^^^^^^^^^^^^^^^^^
  File "C:\Users\haina\anaconda3\Lib\concurrent\futures\_base.py", line 401, in __get_result
    raise self._exception
  File "C:\Users\haina\anaconda3\Lib\concurrent\futures\thread.py", line 58, in run
    result = self.fn(*self.args, **self.kwargs)
             ^^^^^^^^^^^^^^^^^^^^^^^^^^^^^^^^^^
  File "C:\Users\haina\anaconda3\Lib\site-packages\pyega3\libs\data_file.py", line 196, in download_file_slice_
    return self.download_file_slice(*args)
           ^^^^^^^^^^^^^^^^^^^^^^^^^^^^^^^
  File "C:\Users\haina\anaconda3\Lib\site-packages\pyega3\libs\data_file.py", line 231, in download_file_slice
    for chunk in r.iter_content(DOWNLOAD_FILE_MEMORY_BUFFER_SIZE):
  File "C:\Users\haina\anaconda3\Lib\site-packages\requests\models.py", line 822, in generate
    raise ChunkedEncodingError(e)
requests.exceptions.ChunkedEncodingError: ('Connection broken: IncompleteRead(81111920 bytes read, 23745680 more expected)', IncompleteRead(81111920 bytes read, 23745680 more expected))
[2025-09-16 17:00:22 +0300] 
[2025-09-16 17:00:22 +0300] pyEGA3 - EGA python client version 5.2.0 (https://github.com/EGA-archive/ega-download-client)
[2025-09-16 17:00:22 +0300] Parts of this software are derived from pyEGA (https://github.com/blachlylab/pyega) by James Blachly
[2025-09-16 17:00:22 +0300] Python version : 3.12.3
[2025-09-16 17:00:22 +0300] OS version : Windows 10.0.22621
[2025-09-16 17:00:22 +0300] Server URL: https://ega.ebi.ac.uk:8443/v2
[2025-09-16 17:00:22 +0300] Session-Id: 3771255692
[2025-09-16 17:02:59 +0300] 
[2025-09-16 17:02:59 +0300] pyEGA3 - EGA python client version 5.2.0 (https://github.com/EGA-archive/ega-download-client)
[2025-09-16 17:02:59 +0300] Parts of this software are derived from pyEGA (https://github.com/blachlylab/pyega) by James Blachly
[2025-09-16 17:02:59 +0300] Python version : 3.12.3
[2025-09-16 17:02:59 +0300] OS version : Windows 10.0.22621
[2025-09-16 17:02:59 +0300] Server URL: https://ega.ebi.ac.uk:8443/v2
[2025-09-16 17:02:59 +0300] Session-Id: 1472477394
[2025-09-16 17:03:00 +0300] 
[2025-09-16 17:03:00 +0300] Authentication success for user 'nam.tu@tuni.fi'
[2025-09-16 17:03:00 +0300] File Id: 'EGAF00004041214'(31257310637 bytes).
[2025-09-16 17:03:00 +0300] Total space : 476.13 GiB
[2025-09-16 17:03:00 +0300] Used space : 219.91 GiB
[2025-09-16 17:03:00 +0300] Free space : 256.23 GiB
[2025-09-16 17:03:00 +0300] Download starting [using 1 connection(s), file size 31257310621 and chunk length 104857600]...
[2025-09-16 17:49:14 +0300] HTTPSConnectionPool(host='ega.ebi.ac.uk', port=8443): Read timed out.
Traceback (most recent call last):
  File "C:\Users\haina\anaconda3\Lib\site-packages\urllib3\response.py", line 748, in _error_catcher
    yield
  File "C:\Users\haina\anaconda3\Lib\site-packages\urllib3\response.py", line 873, in _raw_read
    data = self._fp_read(amt, read1=read1) if not fp_closed else b""
           ^^^^^^^^^^^^^^^^^^^^^^^^^^^^^^^
  File "C:\Users\haina\anaconda3\Lib\site-packages\urllib3\response.py", line 856, in _fp_read
    return self._fp.read(amt) if amt is not None else self._fp.read()
           ^^^^^^^^^^^^^^^^^^
  File "C:\Users\haina\anaconda3\Lib\http\client.py", line 479, in read
    s = self.fp.read(amt)
        ^^^^^^^^^^^^^^^^^
  File "C:\Users\haina\anaconda3\Lib\socket.py", line 707, in readinto
    return self._sock.recv_into(b)
           ^^^^^^^^^^^^^^^^^^^^^^^
  File "C:\Users\haina\anaconda3\Lib\ssl.py", line 1252, in recv_into
    return self.read(nbytes, buffer)
           ^^^^^^^^^^^^^^^^^^^^^^^^^
  File "C:\Users\haina\anaconda3\Lib\ssl.py", line 1104, in read
    return self._sslobj.read(len, buffer)
           ^^^^^^^^^^^^^^^^^^^^^^^^^^^^^^
TimeoutError: The read operation timed out

The above exception was the direct cause of the following exception:

Traceback (most recent call last):
  File "C:\Users\haina\anaconda3\Lib\site-packages\requests\models.py", line 820, in generate
    yield from self.raw.stream(chunk_size, decode_content=True)
  File "C:\Users\haina\anaconda3\Lib\site-packages\urllib3\response.py", line 1060, in stream
    data = self.read(amt=amt, decode_content=decode_content)
           ^^^^^^^^^^^^^^^^^^^^^^^^^^^^^^^^^^^^^^^^^^^^^^^^^
  File "C:\Users\haina\anaconda3\Lib\site-packages\urllib3\response.py", line 949, in read
    data = self._raw_read(amt)
           ^^^^^^^^^^^^^^^^^^^
  File "C:\Users\haina\anaconda3\Lib\site-packages\urllib3\response.py", line 872, in _raw_read
    with self._error_catcher():
  File "C:\Users\haina\anaconda3\Lib\contextlib.py", line 158, in __exit__
    self.gen.throw(value)
  File "C:\Users\haina\anaconda3\Lib\site-packages\urllib3\response.py", line 753, in _error_catcher
    raise ReadTimeoutError(self._pool, None, "Read timed out.") from e  # type: ignore[arg-type]
    ^^^^^^^^^^^^^^^^^^^^^^^^^^^^^^^^^^^^^^^^^^^^^^^^^^^^^^^^^^^^^^^^^^
urllib3.exceptions.ReadTimeoutError: HTTPSConnectionPool(host='ega.ebi.ac.uk', port=8443): Read timed out.

During handling of the above exception, another exception occurred:

Traceback (most recent call last):
  File "C:\Users\haina\anaconda3\Lib\site-packages\pyega3\libs\data_file.py", line 346, in _download_whole_file
    self.download_file(output_file, num_connections, max_slice_size)
  File "C:\Users\haina\anaconda3\Lib\site-packages\pyega3\libs\data_file.py", line 162, in download_file
    for part_file_name in executor.map(self.download_file_slice_, params):
  File "C:\Users\haina\anaconda3\Lib\concurrent\futures\_base.py", line 619, in result_iterator
    yield _result_or_cancel(fs.pop())
          ^^^^^^^^^^^^^^^^^^^^^^^^^^^
  File "C:\Users\haina\anaconda3\Lib\concurrent\futures\_base.py", line 317, in _result_or_cancel
    return fut.result(timeout)
           ^^^^^^^^^^^^^^^^^^^
  File "C:\Users\haina\anaconda3\Lib\concurrent\futures\_base.py", line 456, in result
    return self.__get_result()
           ^^^^^^^^^^^^^^^^^^^
  File "C:\Users\haina\anaconda3\Lib\concurrent\futures\_base.py", line 401, in __get_result
    raise self._exception
  File "C:\Users\haina\anaconda3\Lib\concurrent\futures\thread.py", line 58, in run
    result = self.fn(*self.args, **self.kwargs)
             ^^^^^^^^^^^^^^^^^^^^^^^^^^^^^^^^^^
  File "C:\Users\haina\anaconda3\Lib\site-packages\pyega3\libs\data_file.py", line 196, in download_file_slice_
    return self.download_file_slice(*args)
           ^^^^^^^^^^^^^^^^^^^^^^^^^^^^^^^
  File "C:\Users\haina\anaconda3\Lib\site-packages\pyega3\libs\data_file.py", line 231, in download_file_slice
    for chunk in r.iter_content(DOWNLOAD_FILE_MEMORY_BUFFER_SIZE):
  File "C:\Users\haina\anaconda3\Lib\site-packages\requests\models.py", line 826, in generate
    raise ConnectionError(e)
requests.exceptions.ConnectionError: HTTPSConnectionPool(host='ega.ebi.ac.uk', port=8443): Read timed out.
[2025-09-16 17:59:01 +0300] 
[2025-09-16 17:59:01 +0300] pyEGA3 - EGA python client version 5.2.0 (https://github.com/EGA-archive/ega-download-client)
[2025-09-16 17:59:01 +0300] Parts of this software are derived from pyEGA (https://github.com/blachlylab/pyega) by James Blachly
[2025-09-16 17:59:01 +0300] Python version : 3.12.3
[2025-09-16 17:59:01 +0300] OS version : Windows 10.0.22621
[2025-09-16 17:59:01 +0300] Server URL: https://ega.ebi.ac.uk:8443/v2
[2025-09-16 17:59:01 +0300] Session-Id: 1817144113
[2025-09-16 17:59:02 +0300] 
[2025-09-16 17:59:02 +0300] Authentication success for user 'nam.tu@tuni.fi'
[2025-09-16 17:59:02 +0300] File Id: 'EGAF00004041214'(31257310637 bytes).
[2025-09-16 17:59:02 +0300] Total space : 476.13 GiB
[2025-09-16 17:59:02 +0300] Used space : 220.70 GiB
[2025-09-16 17:59:02 +0300] Free space : 255.43 GiB
[2025-09-16 17:59:02 +0300] Download starting [using 1 connection(s), file size 31257310621 and chunk length 104857600]...
[2025-09-16 18:59:30 +0300] 
[2025-09-16 18:59:30 +0300] Authentication success for user 'nam.tu@tuni.fi'
[2025-09-16 19:59:51 +0300] 
[2025-09-16 19:59:51 +0300] Authentication success for user 'nam.tu@tuni.fi'
[2025-09-16 21:02:37 +0300] 
[2025-09-16 21:02:37 +0300] Authentication success for user 'nam.tu@tuni.fi'
[2025-09-16 22:03:51 +0300] 
[2025-09-16 22:03:51 +0300] Authentication success for user 'nam.tu@tuni.fi'
[2025-09-16 23:04:41 +0300] 
[2025-09-16 23:04:41 +0300] Authentication success for user 'nam.tu@tuni.fi'
[2025-09-17 09:16:01 +0300] 
[2025-09-17 09:16:01 +0300] pyEGA3 - EGA python client version 5.2.0 (https://github.com/EGA-archive/ega-download-client)
[2025-09-17 09:16:01 +0300] Parts of this software are derived from pyEGA (https://github.com/blachlylab/pyega) by James Blachly
[2025-09-17 09:16:01 +0300] Python version : 3.12.3
[2025-09-17 09:16:01 +0300] OS version : Windows 10.0.22621
[2025-09-17 09:16:02 +0300] Server URL: https://ega.ebi.ac.uk:8443/v2
[2025-09-17 09:16:02 +0300] Session-Id: 530308463
[2025-09-17 09:16:02 +0300] Failed to obtain IP address
[2025-09-17 09:16:03 +0300] 
[2025-09-17 09:16:03 +0300] Authentication success for user 'nam.tu@tuni.fi'
[2025-09-17 09:16:03 +0300] There was a problem communicating with the EGA repository: 400 Client Error:  for url: https://ega.ebi.ac.uk:8443/v2/metadata/files/EGAF00004041214%5C
[2025-09-17 09:16:29 +0300] 
[2025-09-17 09:16:29 +0300] pyEGA3 - EGA python client version 5.2.0 (https://github.com/EGA-archive/ega-download-client)
[2025-09-17 09:16:29 +0300] Parts of this software are derived from pyEGA (https://github.com/blachlylab/pyega) by James Blachly
[2025-09-17 09:16:29 +0300] Python version : 3.12.3
[2025-09-17 09:16:29 +0300] OS version : Windows 10.0.22621
[2025-09-17 09:16:29 +0300] Server URL: https://ega.ebi.ac.uk:8443/v2
[2025-09-17 09:16:29 +0300] Session-Id: 2049111676
[2025-09-17 09:16:29 +0300] Failed to obtain IP address
[2025-09-17 09:16:30 +0300] 
[2025-09-17 09:16:30 +0300] Authentication success for user 'nam.tu@tuni.fi'
[2025-09-17 09:16:30 +0300] File Id: 'EGAF00004041214'(31257310637 bytes).
[2025-09-17 09:16:30 +0300] Total space : 476.13 GiB
[2025-09-17 09:16:30 +0300] Used space : 234.94 GiB
[2025-09-17 09:16:30 +0300] Free space : 241.20 GiB
[2025-09-17 09:16:30 +0300] Download starting [using 1 connection(s), file size 31257310621 and chunk length 104857600]...
[2025-09-17 10:02:32 +0300] Combining file chunks (this operation can take a long time depending on the file size)
[2025-09-17 10:04:51 +0300] Calculating md5 (this operation can take a long time depending on the file size)
[2025-09-17 10:06:50 +0300] Verifying file checksum
[2025-09-17 10:06:50 +0300] Saved to : 'C:\Users\haina\Desktop\BIO_RA\EGAF00004041214\BT363-GSC.bam'(31257310621 bytes, md5=e616229ca958802de3594083193e65aa)
[2025-09-17 10:06:50 +0300] Download complete
